F:\2011年度配布用プログラムなど\ImgBasic\ImgBasic\Release\cl.command.1.tlog
F:\2011年度配布用プログラムなど\ImgBasic\ImgBasic\Release\CL.read.1.tlog
F:\2011年度配布用プログラムなど\ImgBasic\ImgBasic\Release\CL.write.1.tlog
F:\2011年度配布用プログラムなど\IMGBASIC\IMGBASIC\RELEASE\IMGBASIC.EXE.INTERMEDIATE.MANIFEST
F:\2011年度配布用プログラムなど\IMGBASIC\IMGBASIC\RELEASE\IMGBASIC.OBJ
F:\2011年度配布用プログラムなど\IMGBASIC\IMGBASIC\RELEASE\IMGBASIC.PCH
F:\2011年度配布用プログラムなど\IMGBASIC\IMGBASIC\RELEASE\IMGBASIC.RES
F:\2011年度配布用プログラムなど\IMGBASIC\IMGBASIC\RELEASE\IMGBASICDOC.OBJ
F:\2011年度配布用プログラムなど\IMGBASIC\IMGBASIC\RELEASE\IMGBASICVIEW.OBJ
F:\2011年度配布用プログラムなど\IMGBASIC\IMGBASIC\RELEASE\IMGBASICVIEW2.OBJ
F:\2011年度配布用プログラムなど\IMGBASIC\IMGBASIC\RELEASE\IMGBMP.OBJ
F:\2011年度配布用プログラムなど\IMGBASIC\IMGBASIC\RELEASE\IMGPGM.OBJ
F:\2011年度配布用プログラムなど\ImgBasic\ImgBasic\Release\link.command.1.tlog
F:\2011年度配布用プログラムなど\ImgBasic\ImgBasic\Release\link.read.1.tlog
F:\2011年度配布用プログラムなど\ImgBasic\ImgBasic\Release\link.write.1.tlog
F:\2011年度配布用プログラムなど\ImgBasic\ImgBasic\Release\link-cvtres.read.1.tlog
F:\2011年度配布用プログラムなど\ImgBasic\ImgBasic\Release\link-cvtres.write.1.tlog
F:\2011年度配布用プログラムなど\IMGBASIC\IMGBASIC\RELEASE\MAINFRM.OBJ
F:\2011年度配布用プログラムなど\IMGBASIC\IMGBASIC\RELEASE\MASKFILTER.OBJ
F:\2011年度配布用プログラムなど\ImgBasic\ImgBasic\Release\mt.command.1.tlog
F:\2011年度配布用プログラムなど\ImgBasic\ImgBasic\Release\mt.read.1.tlog
F:\2011年度配布用プログラムなど\ImgBasic\ImgBasic\Release\mt.write.1.tlog
F:\2011年度配布用プログラムなど\IMGBASIC\IMGBASIC\RELEASE\MYFILEDIALOG.OBJ
F:\2011年度配布用プログラムなど\IMGBASIC\IMGBASIC\RELEASE\MYINPUT.OBJ
F:\2011年度配布用プログラムなど\IMGBASIC\IMGBASIC\RELEASE\MYINPUT2.OBJ
F:\2011年度配布用プログラムなど\IMGBASIC\IMGBASIC\RELEASE\RANDOM.OBJ
F:\2011年度配布用プログラムなど\ImgBasic\ImgBasic\Release\rc.command.1.tlog
F:\2011年度配布用プログラムなど\ImgBasic\ImgBasic\Release\rc.read.1.tlog
F:\2011年度配布用プログラムなど\ImgBasic\ImgBasic\Release\rc.write.1.tlog
F:\2011年度配布用プログラムなど\IMGBASIC\IMGBASIC\RELEASE\STDAFX.OBJ
F:\2011年度配布用プログラムなど\IMGBASIC\IMGBASIC\RELEASE\UTILITY_BASIC.OBJ
F:\2011年度配布用プログラムなど\IMGBASIC\IMGBASIC\RELEASE\UTILITY_IMGPROC.OBJ
F:\2011年度配布用プログラムなど\IMGBASIC\IMGBASIC\RELEASE\VC100.PDB
F:\2011年度配布用プログラムなど\IMGBASIC\RELEASE\IMGBASIC.EXE
F:\2011年度配布用プログラムなど\IMGBASIC\RELEASE\IMGBASIC.PDB
