2019/05/10 15:22:19 にビルドを開始しました。
     1>ノード 2 上のプロジェクト "C:\Users\project\Documents\ImgFFT\ImgFFT\ImgFFT.vcxproj" (build ターゲット)。
     1>InitializeBuildStatus:
         "AlwaysCreate" が指定されたため "Release\ImgFFT.unsuccessfulbuild" を作成しています。
       ClCompile:
         すべての出力が最新のものです。
         すべての出力が最新のものです。
       ResourceCompile:
         すべての出力が最新のものです。
       Link:
         すべての出力が最新のものです。
         ImgFFT.vcxproj -> C:\Users\project\Documents\ImgFFT\Release\ImgFFT.exe
       Manifest:
         すべての出力が最新のものです。
       FinalizeBuildStatus:
         ファイル "Release\ImgFFT.unsuccessfulbuild" を削除しています。
         "Release\ImgFFT.lastbuildstate" のタッチ タスクを実行しています。
     1>プロジェクト "C:\Users\project\Documents\ImgFFT\ImgFFT\ImgFFT.vcxproj" (build ターゲット) のビルドが完了しました。

ビルドに成功しました。

経過時間 00:00:00.14
