C:\USERS\AAA\DESKTOP\IMGFFT回転角度\IMGFFT\RELEASE\COMPLEX.OBJ
C:\USERS\AAA\DESKTOP\IMGFFT回転角度\IMGFFT\RELEASE\IMGBMP.OBJ
C:\USERS\AAA\DESKTOP\IMGFFT回転角度\IMGFFT\RELEASE\IMGFFT.EXE.INTERMEDIATE.MANIFEST
C:\USERS\AAA\DESKTOP\IMGFFT回転角度\IMGFFT\RELEASE\IMGFFT.OBJ
C:\USERS\AAA\DESKTOP\IMGFFT回転角度\IMGFFT\RELEASE\IMGFFT.PCH
C:\USERS\AAA\DESKTOP\IMGFFT回転角度\IMGFFT\RELEASE\IMGFFT.RES
C:\USERS\AAA\DESKTOP\IMGFFT回転角度\IMGFFT\RELEASE\IMGFFTDOC.OBJ
C:\USERS\AAA\DESKTOP\IMGFFT回転角度\IMGFFT\RELEASE\IMGFFTVIEW.OBJ
C:\USERS\AAA\DESKTOP\IMGFFT回転角度\IMGFFT\RELEASE\IMGPGM.OBJ
C:\USERS\AAA\DESKTOP\IMGFFT回転角度\IMGFFT\RELEASE\MAINFRM.OBJ
C:\USERS\AAA\DESKTOP\IMGFFT回転角度\IMGFFT\RELEASE\MASKFILTER.OBJ
C:\USERS\AAA\DESKTOP\IMGFFT回転角度\IMGFFT\RELEASE\MYFILEDIALOG.OBJ
C:\USERS\AAA\DESKTOP\IMGFFT回転角度\IMGFFT\RELEASE\MYINPUT.OBJ
C:\USERS\AAA\DESKTOP\IMGFFT回転角度\IMGFFT\RELEASE\MYINPUT2.OBJ
C:\USERS\AAA\DESKTOP\IMGFFT回転角度\IMGFFT\RELEASE\MYMAKEFIGUREDIALOG.OBJ
C:\USERS\AAA\DESKTOP\IMGFFT回転角度\IMGFFT\RELEASE\RANDOM.OBJ
C:\USERS\AAA\DESKTOP\IMGFFT回転角度\IMGFFT\RELEASE\STDAFX.OBJ
C:\USERS\AAA\DESKTOP\IMGFFT回転角度\IMGFFT\RELEASE\UTILITY_BASIC.OBJ
C:\USERS\AAA\DESKTOP\IMGFFT回転角度\IMGFFT\RELEASE\UTILITY_FFT.OBJ
C:\USERS\AAA\DESKTOP\IMGFFT回転角度\IMGFFT\RELEASE\VC100.PDB
C:\USERS\AAA\DESKTOP\IMGFFT回転角度\RELEASE\IMGFFT.EXE
C:\USERS\AAA\DESKTOP\IMGFFT回転角度\RELEASE\IMGFFT.PDB
F:\2013年度配布プログラムなど\ImgFFT\ImgFFT\Release\cl.command.1.tlog
F:\2013年度配布プログラムなど\ImgFFT\ImgFFT\Release\CL.read.1.tlog
F:\2013年度配布プログラムなど\ImgFFT\ImgFFT\Release\CL.write.1.tlog
F:\2013年度配布プログラムなど\ImgFFT\ImgFFT\Release\Complex.obj
F:\2013年度配布プログラムなど\ImgFFT\ImgFFT\Release\ImgBmp.obj
F:\2013年度配布プログラムなど\ImgFFT\ImgFFT\Release\ImgFFT.exe.intermediate.manifest
F:\2013年度配布プログラムなど\ImgFFT\ImgFFT\Release\ImgFFT.obj
F:\2013年度配布プログラムなど\ImgFFT\ImgFFT\Release\ImgFFT.pch
F:\2013年度配布プログラムなど\ImgFFT\ImgFFT\Release\ImgFFT.res
F:\2013年度配布プログラムなど\ImgFFT\ImgFFT\Release\ImgFFTDoc.obj
F:\2013年度配布プログラムなど\ImgFFT\ImgFFT\Release\ImgFFTView.obj
F:\2013年度配布プログラムなど\ImgFFT\ImgFFT\Release\ImgPgm.obj
F:\2013年度配布プログラムなど\ImgFFT\ImgFFT\Release\link.command.1.tlog
F:\2013年度配布プログラムなど\ImgFFT\ImgFFT\Release\link.read.1.tlog
F:\2013年度配布プログラムなど\ImgFFT\ImgFFT\Release\link.write.1.tlog
F:\2013年度配布プログラムなど\ImgFFT\ImgFFT\Release\link-cvtres.read.1.tlog
F:\2013年度配布プログラムなど\ImgFFT\ImgFFT\Release\link-cvtres.write.1.tlog
F:\2013年度配布プログラムなど\ImgFFT\ImgFFT\Release\MainFrm.obj
F:\2013年度配布プログラムなど\ImgFFT\ImgFFT\Release\MaskFilter.obj
F:\2013年度配布プログラムなど\ImgFFT\ImgFFT\Release\mt.command.1.tlog
F:\2013年度配布プログラムなど\ImgFFT\ImgFFT\Release\mt.read.1.tlog
F:\2013年度配布プログラムなど\ImgFFT\ImgFFT\Release\mt.write.1.tlog
F:\2013年度配布プログラムなど\ImgFFT\ImgFFT\Release\MyFileDialog.obj
F:\2013年度配布プログラムなど\ImgFFT\ImgFFT\Release\MyInput.obj
F:\2013年度配布プログラムなど\ImgFFT\ImgFFT\Release\MyInput2.obj
F:\2013年度配布プログラムなど\ImgFFT\ImgFFT\Release\MyMakeFigureDialog.obj
F:\2013年度配布プログラムなど\ImgFFT\ImgFFT\Release\Random.obj
F:\2013年度配布プログラムなど\ImgFFT\ImgFFT\Release\rc.command.1.tlog
F:\2013年度配布プログラムなど\ImgFFT\ImgFFT\Release\rc.read.1.tlog
F:\2013年度配布プログラムなど\ImgFFT\ImgFFT\Release\rc.write.1.tlog
F:\2013年度配布プログラムなど\ImgFFT\ImgFFT\Release\stdafx.obj
F:\2013年度配布プログラムなど\ImgFFT\ImgFFT\Release\Utility_Basic.obj
F:\2013年度配布プログラムなど\ImgFFT\ImgFFT\Release\Utility_FFT.obj
F:\2013年度配布プログラムなど\ImgFFT\ImgFFT\Release\vc100.pdb
F:\2013年度配布プログラムなど\ImgFFT\Release\ImgFFT.exe
F:\2013年度配布プログラムなど\ImgFFT\Release\ImgFFT.pdb
