D:\VISUAL_CPP_2010\IMGBASIC\DEBUG\IMGBASIC.EXE
D:\VISUAL_CPP_2010\IMGBASIC\DEBUG\IMGBASIC.ILK
D:\VISUAL_CPP_2010\IMGBASIC\DEBUG\IMGBASIC.PDB
D:\Visual_Cpp_2010\ImgBasic\ImgBasic\Debug\cl.command.1.tlog
D:\Visual_Cpp_2010\ImgBasic\ImgBasic\Debug\CL.read.1.tlog
D:\Visual_Cpp_2010\ImgBasic\ImgBasic\Debug\CL.write.1.tlog
D:\VISUAL_CPP_2010\IMGBASIC\IMGBASIC\DEBUG\IMGBASIC.EXE.EMBED.MANIFEST
D:\VISUAL_CPP_2010\IMGBASIC\IMGBASIC\DEBUG\IMGBASIC.EXE.EMBED.MANIFEST.RES
D:\VISUAL_CPP_2010\IMGBASIC\IMGBASIC\DEBUG\IMGBASIC.EXE.INTERMEDIATE.MANIFEST
D:\VISUAL_CPP_2010\IMGBASIC\IMGBASIC\DEBUG\IMGBASIC.OBJ
D:\VISUAL_CPP_2010\IMGBASIC\IMGBASIC\DEBUG\IMGBASIC.PCH
D:\VISUAL_CPP_2010\IMGBASIC\IMGBASIC\DEBUG\IMGBASIC.RES
D:\Visual_Cpp_2010\ImgBasic\ImgBasic\Debug\ImgBasic_manifest.rc
D:\VISUAL_CPP_2010\IMGBASIC\IMGBASIC\DEBUG\IMGBASICDOC.OBJ
D:\VISUAL_CPP_2010\IMGBASIC\IMGBASIC\DEBUG\IMGBASICVIEW.OBJ
D:\VISUAL_CPP_2010\IMGBASIC\IMGBASIC\DEBUG\IMGBASICVIEW2.OBJ
D:\VISUAL_CPP_2010\IMGBASIC\IMGBASIC\DEBUG\IMGBMP.OBJ
D:\VISUAL_CPP_2010\IMGBASIC\IMGBASIC\DEBUG\IMGPGM.OBJ
D:\Visual_Cpp_2010\ImgBasic\ImgBasic\Debug\link.command.1.tlog
D:\Visual_Cpp_2010\ImgBasic\ImgBasic\Debug\link.read.1.tlog
D:\Visual_Cpp_2010\ImgBasic\ImgBasic\Debug\link.write.1.tlog
D:\Visual_Cpp_2010\ImgBasic\ImgBasic\Debug\link-cvtres.read.1.tlog
D:\Visual_Cpp_2010\ImgBasic\ImgBasic\Debug\link-cvtres.write.1.tlog
D:\VISUAL_CPP_2010\IMGBASIC\IMGBASIC\DEBUG\MAINFRM.OBJ
D:\VISUAL_CPP_2010\IMGBASIC\IMGBASIC\DEBUG\MASKFILTER.OBJ
D:\Visual_Cpp_2010\ImgBasic\ImgBasic\Debug\mt.command.1.tlog
D:\Visual_Cpp_2010\ImgBasic\ImgBasic\Debug\mt.read.1.tlog
D:\Visual_Cpp_2010\ImgBasic\ImgBasic\Debug\mt.write.1.tlog
D:\VISUAL_CPP_2010\IMGBASIC\IMGBASIC\DEBUG\MYFILEDIALOG.OBJ
D:\VISUAL_CPP_2010\IMGBASIC\IMGBASIC\DEBUG\MYINPUT.OBJ
D:\VISUAL_CPP_2010\IMGBASIC\IMGBASIC\DEBUG\MYINPUT2.OBJ
D:\VISUAL_CPP_2010\IMGBASIC\IMGBASIC\DEBUG\RANDOM.OBJ
D:\Visual_Cpp_2010\ImgBasic\ImgBasic\Debug\rc.command.1.tlog
D:\Visual_Cpp_2010\ImgBasic\ImgBasic\Debug\rc.read.1.tlog
D:\Visual_Cpp_2010\ImgBasic\ImgBasic\Debug\rc.write.1.tlog
D:\VISUAL_CPP_2010\IMGBASIC\IMGBASIC\DEBUG\STDAFX.OBJ
D:\VISUAL_CPP_2010\IMGBASIC\IMGBASIC\DEBUG\UTILITY_BASIC.OBJ
D:\VISUAL_CPP_2010\IMGBASIC\IMGBASIC\DEBUG\UTILITY_IMGPROC.OBJ
D:\Visual_Cpp_2010\ImgBasic\ImgBasic\Debug\vc100.idb
D:\VISUAL_CPP_2010\IMGBASIC\IMGBASIC\DEBUG\VC100.PDB
