D:\VISUAL_CPP_2010\IMGFFT\DEBUG\IMGFFT.EXE
D:\VISUAL_CPP_2010\IMGFFT\DEBUG\IMGFFT.ILK
D:\VISUAL_CPP_2010\IMGFFT\DEBUG\IMGFFT.PDB
D:\Visual_Cpp_2010\ImgFFT\ImgFFT\Debug\cl.command.1.tlog
D:\Visual_Cpp_2010\ImgFFT\ImgFFT\Debug\CL.read.1.tlog
D:\Visual_Cpp_2010\ImgFFT\ImgFFT\Debug\CL.write.1.tlog
D:\VISUAL_CPP_2010\IMGFFT\IMGFFT\DEBUG\COMPLEX.OBJ
D:\VISUAL_CPP_2010\IMGFFT\IMGFFT\DEBUG\IMGBMP.OBJ
D:\VISUAL_CPP_2010\IMGFFT\IMGFFT\DEBUG\IMGFFT.EXE.EMBED.MANIFEST
D:\VISUAL_CPP_2010\IMGFFT\IMGFFT\DEBUG\IMGFFT.EXE.EMBED.MANIFEST.RES
D:\VISUAL_CPP_2010\IMGFFT\IMGFFT\DEBUG\IMGFFT.EXE.INTERMEDIATE.MANIFEST
D:\VISUAL_CPP_2010\IMGFFT\IMGFFT\DEBUG\IMGFFT.OBJ
D:\VISUAL_CPP_2010\IMGFFT\IMGFFT\DEBUG\IMGFFT.PCH
D:\VISUAL_CPP_2010\IMGFFT\IMGFFT\DEBUG\IMGFFT.RES
D:\Visual_Cpp_2010\ImgFFT\ImgFFT\Debug\ImgFFT_manifest.rc
D:\VISUAL_CPP_2010\IMGFFT\IMGFFT\DEBUG\IMGFFTDOC.OBJ
D:\VISUAL_CPP_2010\IMGFFT\IMGFFT\DEBUG\IMGFFTVIEW.OBJ
D:\VISUAL_CPP_2010\IMGFFT\IMGFFT\DEBUG\IMGPGM.OBJ
D:\Visual_Cpp_2010\ImgFFT\ImgFFT\Debug\link.command.1.tlog
D:\Visual_Cpp_2010\ImgFFT\ImgFFT\Debug\link.read.1.tlog
D:\Visual_Cpp_2010\ImgFFT\ImgFFT\Debug\link.write.1.tlog
D:\Visual_Cpp_2010\ImgFFT\ImgFFT\Debug\link-cvtres.read.1.tlog
D:\Visual_Cpp_2010\ImgFFT\ImgFFT\Debug\link-cvtres.write.1.tlog
D:\VISUAL_CPP_2010\IMGFFT\IMGFFT\DEBUG\MAINFRM.OBJ
D:\VISUAL_CPP_2010\IMGFFT\IMGFFT\DEBUG\MASKFILTER.OBJ
D:\Visual_Cpp_2010\ImgFFT\ImgFFT\Debug\mt.command.1.tlog
D:\Visual_Cpp_2010\ImgFFT\ImgFFT\Debug\mt.read.1.tlog
D:\Visual_Cpp_2010\ImgFFT\ImgFFT\Debug\mt.write.1.tlog
D:\VISUAL_CPP_2010\IMGFFT\IMGFFT\DEBUG\MYFILEDIALOG.OBJ
D:\VISUAL_CPP_2010\IMGFFT\IMGFFT\DEBUG\MYINPUT.OBJ
D:\VISUAL_CPP_2010\IMGFFT\IMGFFT\DEBUG\MYINPUT2.OBJ
D:\VISUAL_CPP_2010\IMGFFT\IMGFFT\DEBUG\MYMAKEFIGUREDIALOG.OBJ
D:\VISUAL_CPP_2010\IMGFFT\IMGFFT\DEBUG\RANDOM.OBJ
D:\Visual_Cpp_2010\ImgFFT\ImgFFT\Debug\rc.command.1.tlog
D:\Visual_Cpp_2010\ImgFFT\ImgFFT\Debug\rc.read.1.tlog
D:\Visual_Cpp_2010\ImgFFT\ImgFFT\Debug\rc.write.1.tlog
D:\VISUAL_CPP_2010\IMGFFT\IMGFFT\DEBUG\STDAFX.OBJ
D:\VISUAL_CPP_2010\IMGFFT\IMGFFT\DEBUG\UTILITY_BASIC.OBJ
D:\VISUAL_CPP_2010\IMGFFT\IMGFFT\DEBUG\UTILITY_FFT.OBJ
D:\Visual_Cpp_2010\ImgFFT\ImgFFT\Debug\vc100.idb
D:\VISUAL_CPP_2010\IMGFFT\IMGFFT\DEBUG\VC100.PDB
